app/build/outputs/logs/manifest-merger-debug-report.txt
-- Merging decision tree log ---
manifest
ADDED from src/main/AndroidManifest.xml:21:1-195:12
	xmlns:android
		ADDED from src/main/AndroidManifest.xml:21:11-69
	package
		ADDED from src/main/AndroidManifest.xml:22:7-37
		INJECTED from src/main/AndroidManifest.xml
		INJECTED from src/main/AndroidManifest.xml
	android:versionName
		ADDED from src/main/AndroidManifest.xml:24:7-32
		INJECTED from src/main/AndroidManifest.xml
		INJECTED from src/main/AndroidManifest.xml
	android:versionCode
		ADDED from src/main/AndroidManifest.xml:23:7-30
		INJECTED from src/main/AndroidManifest.xml
		INJECTED from src/main/AndroidManifest.xml
supports-screens
ADDED from src/main/AndroidManifest.xml:26:5-31:7
	android:largeScreens
		ADDED from src/main/AndroidManifest.xml:29:6-33
	android:anyDensity
		ADDED from src/main/AndroidManifest.xml:30:6-31
	android:normalScreens
		ADDED from src/main/AndroidManifest.xml:28:6-34
	android:smallScreens
		ADDED from src/main/AndroidManifest.xml:27:6-33
uses-permission#android.permission.INTERNET
ADDED from src/main/AndroidManifest.xml:32:2-63
	android:name
		ADDED from src/main/AndroidManifest.xml:32:19-61
uses-permission#android.permission.WRITE_EXTERNAL_STORAGE
ADDED from src/main/AndroidManifest.xml:33:2-77
	android:name
		ADDED from src/main/AndroidManifest.xml:33:19-75
application
ADDED from src/main/AndroidManifest.xml:34:5-193:16
	android:label
		ADDED from src/main/AndroidManifest.xml:34:48-80
	android:debuggable
		ADDED from src/main/AndroidManifest.xml:35:5-30
	android:icon
		ADDED from src/main/AndroidManifest.xml:34:18-47
activity#org.andglk.hunkypunk.Interpreter
ADDED from src/main/AndroidManifest.xml:37:9-47:20
	android:label
		ADDED from src/main/AndroidManifest.xml:38:19-51
	android:configChanges
		ADDED from src/main/AndroidManifest.xml:40:7-116
	android:name
		ADDED from src/main/AndroidManifest.xml:37:19-66
	android:launchMode
		ADDED from src/main/AndroidManifest.xml:39:7-38
intent-filter#android.intent.action.VIEW
ADDED from src/main/AndroidManifest.xml:44:13-46:29
action#android.intent.action.VIEW
ADDED from src/main/AndroidManifest.xml:45:17-69
	android:name
		ADDED from src/main/AndroidManifest.xml:45:25-66
provider#org.andglk.hunkypunk.HunkyPunkProvider
ADDED from src/main/AndroidManifest.xml:48:6-50:8
	android:authorities
		ADDED from src/main/AndroidManifest.xml:49:7-59
	android:name
		ADDED from src/main/AndroidManifest.xml:48:16-49
activity#org.andglk.hunkypunk.GamesList
ADDED from src/main/AndroidManifest.xml:51:6-58:14
	android:label
		ADDED from src/main/AndroidManifest.xml:52:7-41
	android:name
		ADDED from src/main/AndroidManifest.xml:51:16-41
intent-filter#android.intent.action.MAIN+android.intent.category.LAUNCHER
ADDED from src/main/AndroidManifest.xml:54:4-57:20
action#android.intent.action.MAIN
ADDED from src/main/AndroidManifest.xml:55:5-57
	android:name
		ADDED from src/main/AndroidManifest.xml:55:13-54
category#android.intent.category.LAUNCHER
ADDED from src/main/AndroidManifest.xml:56:5-65
	android:name
		ADDED from src/main/AndroidManifest.xml:56:15-62
activity#org.andglk.hunkypunk.GameDetails
ADDED from src/main/AndroidManifest.xml:59:6-67:17
	android:label
		ADDED from src/main/AndroidManifest.xml:60:7-43
	android:name
		ADDED from src/main/AndroidManifest.xml:59:16-43
intent-filter#android.intent.action.VIEW+android.intent.category.DEFAULT
ADDED from src/main/AndroidManifest.xml:62:4-66:20
data
ADDED from src/main/AndroidManifest.xml:64:5-84
	android:host
		ADDED from src/main/AndroidManifest.xml:64:36-81
	android:scheme
		ADDED from src/main/AndroidManifest.xml:64:11-35
category#android.intent.category.DEFAULT
ADDED from src/main/AndroidManifest.xml:65:5-64
	android:name
		ADDED from src/main/AndroidManifest.xml:65:15-61
activity-alias#org.andglk.hunkypunk.InstallGame
ADDED from src/main/AndroidManifest.xml:68:6-183:20
	android:label
		ADDED from src/main/AndroidManifest.xml:69:7-41
	android:excludeFromRecents
		ADDED from src/main/AndroidManifest.xml:72:4-37
	android:targetActivity
		ADDED from src/main/AndroidManifest.xml:71:7-44
	android:name
		ADDED from src/main/AndroidManifest.xml:70:7-34
intent-filter#android.intent.action.VIEW+android.intent.category.BROWSABLE+android.intent.category.DEFAULT
ADDED from src/main/AndroidManifest.xml:75:5-85:21
category#android.intent.category.BROWSABLE
ADDED from src/main/AndroidManifest.xml:78:4-65
	android:name
		ADDED from src/main/AndroidManifest.xml:78:14-62
activity#org.andglk.hunkypunk.PreferencesActivity
ADDED from src/main/AndroidManifest.xml:185:3-191:14
	android:label
		ADDED from src/main/AndroidManifest.xml:185:49-84
	android:name
		ADDED from src/main/AndroidManifest.xml:185:13-48
uses-sdk
ADDED from src/main/AndroidManifest.xml:194:5-44
	android:targetSdkVersion
		INJECTED from src/main/AndroidManifest.xml
		INJECTED from src/main/AndroidManifest.xml
	android:minSdkVersion
		ADDED from src/main/AndroidManifest.xml:194:15-41
		INJECTED from src/main/AndroidManifest.xml
		INJECTED from src/main/AndroidManifest.xml